2022-08-29 23:01:21.064  INFO 199055 --- [restartedMain] com.harshit.CcfApplication               : Starting CcfApplication using Java 17.0.3 on hpnotebook with PID 199055 (/run/media/harshit/Volume P/ADP/Capstone/ccf/backend/target/classes started by harshit in /run/media/harshit/Volume P/ADP/Capstone/ccf/backend)
2022-08-29 23:01:21.066  INFO 199055 --- [restartedMain] com.harshit.CcfApplication               : No active profile set, falling back to 1 default profile: "default"
2022-08-29 23:01:22.073  INFO 199055 --- [restartedMain] .s.d.r.c.RepositoryConfigurationDelegate : Bootstrapping Spring Data JPA repositories in DEFAULT mode.
2022-08-29 23:01:22.297  INFO 199055 --- [restartedMain] .s.d.r.c.RepositoryConfigurationDelegate : Finished Spring Data repository scanning in 223 ms. Found 6 JPA repository interfaces.
2022-08-29 23:01:22.995  INFO 199055 --- [restartedMain] o.s.b.w.embedded.tomcat.TomcatWebServer  : Tomcat initialized with port(s): 8080 (http)
2022-08-29 23:01:23.000  INFO 199055 --- [restartedMain] o.apache.catalina.core.StandardService   : Starting service [Tomcat]
2022-08-29 23:01:23.000  INFO 199055 --- [restartedMain] org.apache.catalina.core.StandardEngine  : Starting Servlet engine: [Apache Tomcat/9.0.62]
2022-08-29 23:01:23.045  INFO 199055 --- [restartedMain] o.a.c.c.C.[Tomcat].[localhost].[/]       : Initializing Spring embedded WebApplicationContext
2022-08-29 23:01:23.046  INFO 199055 --- [restartedMain] w.s.c.ServletWebServerApplicationContext : Root WebApplicationContext: initialization completed in 1968 ms
2022-08-29 23:01:23.107  INFO 199055 --- [restartedMain] com.zaxxer.hikari.HikariDataSource       : HikariPool-2 - Starting...
2022-08-29 23:01:23.392  INFO 199055 --- [restartedMain] com.zaxxer.hikari.HikariDataSource       : HikariPool-2 - Start completed.
2022-08-29 23:01:23.395  INFO 199055 --- [restartedMain] o.s.b.a.h2.H2ConsoleAutoConfiguration    : H2 console available at '/h2-console'. Database available at 'jdbc:mysql://localhost:3306/ccf2_db'
2022-08-29 23:01:23.635  INFO 199055 --- [restartedMain] o.hibernate.jpa.internal.util.LogHelper  : HHH000204: Processing PersistenceUnitInfo [name: default]
2022-08-29 23:01:23.671  INFO 199055 --- [restartedMain] org.hibernate.dialect.Dialect            : HHH000400: Using dialect: org.hibernate.dialect.MySQL8Dialect
2022-08-29 23:01:24.415  INFO 199055 --- [restartedMain] o.h.e.t.j.p.i.JtaPlatformInitiator       : HHH000490: Using JtaPlatform implementation: [org.hibernate.engine.transaction.jta.platform.internal.NoJtaPlatform]
2022-08-29 23:01:24.423  INFO 199055 --- [restartedMain] j.LocalContainerEntityManagerFactoryBean : Initialized JPA EntityManagerFactory for persistence unit 'default'
2022-08-29 23:01:24.924  WARN 199055 --- [restartedMain] JpaBaseConfiguration$JpaWebConfiguration : spring.jpa.open-in-view is enabled by default. Therefore, database queries may be performed during view rendering. Explicitly configure spring.jpa.open-in-view to disable this warning
2022-08-29 23:01:25.473  INFO 199055 --- [restartedMain] o.s.aop.framework.CglibAopProxy          : Unable to proxy interface-implementing method [public final com.harshit.entity.User com.harshit.service.UserServiceImpl.getAuthenticatedUser()] because it is marked as final: Consider using interface-based JDK proxies instead!
2022-08-29 23:01:26.118  INFO 199055 --- [restartedMain] o.s.s.web.DefaultSecurityFilterChain     : Will secure any request with [org.springframework.security.web.context.request.async.WebAsyncManagerIntegrationFilter@433b6f48, org.springframework.security.web.context.SecurityContextPersistenceFilter@11575676, org.springframework.security.web.header.HeaderWriterFilter@12e44990, org.springframework.web.filter.CorsFilter@53a77242, org.springframework.security.web.authentication.logout.LogoutFilter@d09a476, com.harshit.filter.JwtAuthorizationFilter@6c0be99c, org.springframework.security.web.savedrequest.RequestCacheAwareFilter@7d15a239, org.springframework.security.web.servletapi.SecurityContextHolderAwareRequestFilter@4d8dccc2, org.springframework.security.web.authentication.AnonymousAuthenticationFilter@2ba15b46, org.springframework.security.web.session.SessionManagementFilter@b1c179a, org.springframework.security.web.access.ExceptionTranslationFilter@35ab30bd, org.springframework.security.web.access.intercept.FilterSecurityInterceptor@16acc507]
2022-08-29 23:01:26.708  INFO 199055 --- [restartedMain] o.s.b.d.a.OptionalLiveReloadServer       : LiveReload server is running on port 35729
2022-08-29 23:01:26.730  INFO 199055 --- [restartedMain] o.s.b.w.embedded.tomcat.TomcatWebServer  : Tomcat started on port(s): 8080 (http) with context path ''
2022-08-29 23:01:26.743  INFO 199055 --- [restartedMain] com.harshit.CcfApplication               : Started CcfApplication in 5.969 seconds (JVM running for 426.545)
2022-08-29 23:01:26.750  INFO 199055 --- [restartedMain] .ConditionEvaluationDeltaLoggingListener : Condition evaluation unchanged
2022-08-29 23:09:51.809  INFO 199055 --- [Thread-7] j.LocalContainerEntityManagerFactoryBean : Closing JPA EntityManagerFactory for persistence unit 'default'
2022-08-29 23:09:51.811  INFO 199055 --- [Thread-7] com.zaxxer.hikari.HikariDataSource       : HikariPool-2 - Shutdown initiated...
2022-08-29 23:09:51.817  INFO 199055 --- [Thread-7] com.zaxxer.hikari.HikariDataSource       : HikariPool-2 - Shutdown completed.
2022-08-29 23:09:52.228 ERROR 199055 --- [restartedMain] o.s.b.d.LoggingFailureAnalysisReporter   : 

***************************
APPLICATION FAILED TO START
***************************

Description:

Failed to bind properties under 'logging.level.com.harshit.ccf' to org.springframework.boot.logging.LogLevel:

    Property: logging.level.com.harshit.ccf
    Value: DEBUG/INFO/WARN/ERROR
    Origin: class path resource [application.properties] - 28:31
    Reason: failed to convert java.lang.String to org.springframework.boot.logging.LogLevel (caused by java.lang.IllegalArgumentException: No enum constant org.springframework.boot.logging.LogLevel.DEBUG/INFO/WARN/ERROR)

Action:

Update your application's configuration. The following values are valid:

    DEBUG
    ERROR
    FATAL
    INFO
    OFF
    TRACE
    WARN

2022-08-29 23:10:25.262  INFO 199055 --- [restartedMain] com.harshit.CcfApplication               : Starting CcfApplication using Java 17.0.3 on hpnotebook with PID 199055 (/run/media/harshit/Volume P/ADP/Capstone/ccf/backend/target/classes started by harshit in /run/media/harshit/Volume P/ADP/Capstone/ccf/backend)
2022-08-29 23:10:25.263  INFO 199055 --- [restartedMain] com.harshit.CcfApplication               : No active profile set, falling back to 1 default profile: "default"
2022-08-29 23:10:26.934  INFO 199055 --- [restartedMain] .s.d.r.c.RepositoryConfigurationDelegate : Bootstrapping Spring Data JPA repositories in DEFAULT mode.
2022-08-29 23:10:27.238  INFO 199055 --- [restartedMain] .s.d.r.c.RepositoryConfigurationDelegate : Finished Spring Data repository scanning in 302 ms. Found 6 JPA repository interfaces.
2022-08-29 23:10:31.433  INFO 199055 --- [restartedMain] o.s.b.w.embedded.tomcat.TomcatWebServer  : Tomcat initialized with port(s): 8080 (http)
2022-08-29 23:10:31.434  INFO 199055 --- [restartedMain] o.apache.catalina.core.StandardService   : Starting service [Tomcat]
2022-08-29 23:10:31.436  INFO 199055 --- [restartedMain] org.apache.catalina.core.StandardEngine  : Starting Servlet engine: [Apache Tomcat/9.0.62]
2022-08-29 23:10:31.497  INFO 199055 --- [restartedMain] o.a.c.c.C.[Tomcat].[localhost].[/]       : Initializing Spring embedded WebApplicationContext
2022-08-29 23:10:31.498  INFO 199055 --- [restartedMain] w.s.c.ServletWebServerApplicationContext : Root WebApplicationContext: initialization completed in 6228 ms
2022-08-29 23:10:31.534  INFO 199055 --- [restartedMain] com.zaxxer.hikari.HikariDataSource       : HikariPool-3 - Starting...
2022-08-29 23:10:37.498  INFO 199055 --- [restartedMain] com.zaxxer.hikari.HikariDataSource       : HikariPool-3 - Start completed.
2022-08-29 23:10:37.502  INFO 199055 --- [restartedMain] o.s.b.a.h2.H2ConsoleAutoConfiguration    : H2 console available at '/h2-console'. Database available at 'jdbc:mysql://localhost:3306/ccf2_db'
2022-08-29 23:10:37.730  INFO 199055 --- [restartedMain] o.hibernate.jpa.internal.util.LogHelper  : HHH000204: Processing PersistenceUnitInfo [name: default]
2022-08-29 23:10:37.750  INFO 199055 --- [restartedMain] org.hibernate.dialect.Dialect            : HHH000400: Using dialect: org.hibernate.dialect.MySQL8Dialect
2022-08-29 23:10:38.949  INFO 199055 --- [restartedMain] o.h.e.t.j.p.i.JtaPlatformInitiator       : HHH000490: Using JtaPlatform implementation: [org.hibernate.engine.transaction.jta.platform.internal.NoJtaPlatform]
2022-08-29 23:10:38.953  INFO 199055 --- [restartedMain] j.LocalContainerEntityManagerFactoryBean : Initialized JPA EntityManagerFactory for persistence unit 'default'
2022-08-29 23:10:39.351  WARN 199055 --- [restartedMain] JpaBaseConfiguration$JpaWebConfiguration : spring.jpa.open-in-view is enabled by default. Therefore, database queries may be performed during view rendering. Explicitly configure spring.jpa.open-in-view to disable this warning
2022-08-29 23:10:39.554  INFO 199055 --- [restartedMain] o.s.aop.framework.CglibAopProxy          : Unable to proxy interface-implementing method [public final com.harshit.entity.User com.harshit.service.UserServiceImpl.getAuthenticatedUser()] because it is marked as final: Consider using interface-based JDK proxies instead!
2022-08-29 23:10:39.826  INFO 199055 --- [restartedMain] o.s.s.web.DefaultSecurityFilterChain     : Will secure any request with [org.springframework.security.web.context.request.async.WebAsyncManagerIntegrationFilter@d5dc761, org.springframework.security.web.context.SecurityContextPersistenceFilter@7c7ad3a7, org.springframework.security.web.header.HeaderWriterFilter@14df84dd, org.springframework.web.filter.CorsFilter@160ba90f, org.springframework.security.web.authentication.logout.LogoutFilter@6ba91c22, com.harshit.filter.JwtAuthorizationFilter@728d204, org.springframework.security.web.savedrequest.RequestCacheAwareFilter@373683cc, org.springframework.security.web.servletapi.SecurityContextHolderAwareRequestFilter@5f27009b, org.springframework.security.web.authentication.AnonymousAuthenticationFilter@1a531d02, org.springframework.security.web.session.SessionManagementFilter@68eed673, org.springframework.security.web.access.ExceptionTranslationFilter@5a4228ac, org.springframework.security.web.access.intercept.FilterSecurityInterceptor@73c2ccfa]
2022-08-29 23:10:40.064  INFO 199055 --- [restartedMain] o.s.b.d.a.OptionalLiveReloadServer       : LiveReload server is running on port 35729
2022-08-29 23:10:40.092  INFO 199055 --- [restartedMain] o.s.b.w.embedded.tomcat.TomcatWebServer  : Tomcat started on port(s): 8080 (http) with context path ''
2022-08-29 23:10:40.100  INFO 199055 --- [restartedMain] com.harshit.CcfApplication               : Started CcfApplication in 15.161 seconds (JVM running for 979.901)
2022-08-29 23:10:40.103  INFO 199055 --- [restartedMain] .ConditionEvaluationDeltaLoggingListener : Condition evaluation unchanged
2022-08-29 23:12:33.041  INFO 199055 --- [Thread-11] j.LocalContainerEntityManagerFactoryBean : Closing JPA EntityManagerFactory for persistence unit 'default'
2022-08-29 23:12:33.051  INFO 199055 --- [Thread-11] com.zaxxer.hikari.HikariDataSource       : HikariPool-3 - Shutdown initiated...
2022-08-29 23:12:33.055  INFO 199055 --- [Thread-11] com.zaxxer.hikari.HikariDataSource       : HikariPool-3 - Shutdown completed.
2022-08-29 23:12:33.357  INFO 199055 --- [restartedMain] com.harshit.CcfApplication               : Starting CcfApplication using Java 17.0.3 on hpnotebook with PID 199055 (/run/media/harshit/Volume P/ADP/Capstone/ccf/backend/target/classes started by harshit in /run/media/harshit/Volume P/ADP/Capstone/ccf/backend)
2022-08-29 23:12:33.357  INFO 199055 --- [restartedMain] com.harshit.CcfApplication               : No active profile set, falling back to 1 default profile: "default"
2022-08-29 23:12:34.278  INFO 199055 --- [restartedMain] .s.d.r.c.RepositoryConfigurationDelegate : Bootstrapping Spring Data JPA repositories in DEFAULT mode.
2022-08-29 23:12:34.421  INFO 199055 --- [restartedMain] .s.d.r.c.RepositoryConfigurationDelegate : Finished Spring Data repository scanning in 142 ms. Found 6 JPA repository interfaces.
2022-08-29 23:12:34.603  INFO 199055 --- [restartedMain] o.s.b.w.embedded.tomcat.TomcatWebServer  : Tomcat initialized with port(s): 8080 (http)
2022-08-29 23:12:34.605  INFO 199055 --- [restartedMain] o.apache.catalina.core.StandardService   : Starting service [Tomcat]
2022-08-29 23:12:34.606  INFO 199055 --- [restartedMain] org.apache.catalina.core.StandardEngine  : Starting Servlet engine: [Apache Tomcat/9.0.62]
2022-08-29 23:12:34.625  INFO 199055 --- [restartedMain] o.a.c.c.C.[Tomcat].[localhost].[/]       : Initializing Spring embedded WebApplicationContext
2022-08-29 23:12:34.626  INFO 199055 --- [restartedMain] w.s.c.ServletWebServerApplicationContext : Root WebApplicationContext: initialization completed in 1261 ms
2022-08-29 23:12:34.646  INFO 199055 --- [restartedMain] com.zaxxer.hikari.HikariDataSource       : HikariPool-4 - Starting...
2022-08-29 23:12:34.777  INFO 199055 --- [restartedMain] com.zaxxer.hikari.HikariDataSource       : HikariPool-4 - Start completed.
2022-08-29 23:12:34.778  INFO 199055 --- [restartedMain] o.s.b.a.h2.H2ConsoleAutoConfiguration    : H2 console available at '/h2-console'. Database available at 'jdbc:mysql://localhost:3306/ccf2_db'
2022-08-29 23:12:34.873  INFO 199055 --- [restartedMain] o.hibernate.jpa.internal.util.LogHelper  : HHH000204: Processing PersistenceUnitInfo [name: default]
2022-08-29 23:12:34.901  INFO 199055 --- [restartedMain] org.hibernate.dialect.Dialect            : HHH000400: Using dialect: org.hibernate.dialect.MySQL8Dialect
2022-08-29 23:12:35.273  INFO 199055 --- [restartedMain] o.h.e.t.j.p.i.JtaPlatformInitiator       : HHH000490: Using JtaPlatform implementation: [org.hibernate.engine.transaction.jta.platform.internal.NoJtaPlatform]
2022-08-29 23:12:35.274  INFO 199055 --- [restartedMain] j.LocalContainerEntityManagerFactoryBean : Initialized JPA EntityManagerFactory for persistence unit 'default'
2022-08-29 23:12:35.485  WARN 199055 --- [restartedMain] JpaBaseConfiguration$JpaWebConfiguration : spring.jpa.open-in-view is enabled by default. Therefore, database queries may be performed during view rendering. Explicitly configure spring.jpa.open-in-view to disable this warning
2022-08-29 23:12:35.597  INFO 199055 --- [restartedMain] o.s.aop.framework.CglibAopProxy          : Unable to proxy interface-implementing method [public final com.harshit.entity.User com.harshit.service.UserServiceImpl.getAuthenticatedUser()] because it is marked as final: Consider using interface-based JDK proxies instead!
2022-08-29 23:12:35.808  INFO 199055 --- [restartedMain] o.s.s.web.DefaultSecurityFilterChain     : Will secure any request with [org.springframework.security.web.context.request.async.WebAsyncManagerIntegrationFilter@f2b7e1e, org.springframework.security.web.context.SecurityContextPersistenceFilter@5e567541, org.springframework.security.web.header.HeaderWriterFilter@1f708f3b, org.springframework.web.filter.CorsFilter@53aba5fb, org.springframework.security.web.authentication.logout.LogoutFilter@3c9495b6, com.harshit.filter.JwtAuthorizationFilter@74dc299a, org.springframework.security.web.savedrequest.RequestCacheAwareFilter@257b4b82, org.springframework.security.web.servletapi.SecurityContextHolderAwareRequestFilter@3e691141, org.springframework.security.web.authentication.AnonymousAuthenticationFilter@2945a7b0, org.springframework.security.web.session.SessionManagementFilter@3c9a732d, org.springframework.security.web.access.ExceptionTranslationFilter@12cd336a, org.springframework.security.web.access.intercept.FilterSecurityInterceptor@3e1e73f2]
2022-08-29 23:12:36.039  INFO 199055 --- [restartedMain] o.s.b.d.a.OptionalLiveReloadServer       : LiveReload server is running on port 35729
2022-08-29 23:12:36.062  INFO 199055 --- [restartedMain] o.s.b.w.embedded.tomcat.TomcatWebServer  : Tomcat started on port(s): 8080 (http) with context path ''
2022-08-29 23:12:36.070  INFO 199055 --- [restartedMain] com.harshit.CcfApplication               : Started CcfApplication in 2.914 seconds (JVM running for 1095.872)
2022-08-29 23:12:36.075  INFO 199055 --- [restartedMain] .ConditionEvaluationDeltaLoggingListener : Condition evaluation unchanged
2022-08-29 23:15:13.939  INFO 199055 --- [Thread-17] j.LocalContainerEntityManagerFactoryBean : Closing JPA EntityManagerFactory for persistence unit 'default'
2022-08-29 23:15:13.941  INFO 199055 --- [Thread-17] com.zaxxer.hikari.HikariDataSource       : HikariPool-4 - Shutdown initiated...
2022-08-29 23:15:13.961  INFO 199055 --- [Thread-17] com.zaxxer.hikari.HikariDataSource       : HikariPool-4 - Shutdown completed.
2022-08-29 23:15:14.751  INFO 199055 --- [restartedMain] com.harshit.CcfApplication               : Starting CcfApplication using Java 17.0.3 on hpnotebook with PID 199055 (/run/media/harshit/Volume P/ADP/Capstone/ccf/backend/target/classes started by harshit in /run/media/harshit/Volume P/ADP/Capstone/ccf/backend)
2022-08-29 23:15:14.753  INFO 199055 --- [restartedMain] com.harshit.CcfApplication               : No active profile set, falling back to 1 default profile: "default"
2022-08-29 23:15:15.572  INFO 199055 --- [restartedMain] .s.d.r.c.RepositoryConfigurationDelegate : Bootstrapping Spring Data JPA repositories in DEFAULT mode.
2022-08-29 23:15:15.747  INFO 199055 --- [restartedMain] .s.d.r.c.RepositoryConfigurationDelegate : Finished Spring Data repository scanning in 170 ms. Found 6 JPA repository interfaces.
2022-08-29 23:15:15.912  INFO 199055 --- [restartedMain] o.s.b.w.embedded.tomcat.TomcatWebServer  : Tomcat initialized with port(s): 8080 (http)
2022-08-29 23:15:15.914  INFO 199055 --- [restartedMain] o.apache.catalina.core.StandardService   : Starting service [Tomcat]
2022-08-29 23:15:15.914  INFO 199055 --- [restartedMain] org.apache.catalina.core.StandardEngine  : Starting Servlet engine: [Apache Tomcat/9.0.62]
2022-08-29 23:15:15.929  INFO 199055 --- [restartedMain] o.a.c.c.C.[Tomcat].[localhost].[/]       : Initializing Spring embedded WebApplicationContext
2022-08-29 23:15:15.930  INFO 199055 --- [restartedMain] w.s.c.ServletWebServerApplicationContext : Root WebApplicationContext: initialization completed in 1170 ms
2022-08-29 23:15:15.952  INFO 199055 --- [restartedMain] com.zaxxer.hikari.HikariDataSource       : HikariPool-5 - Starting...
2022-08-29 23:15:16.087  INFO 199055 --- [restartedMain] com.zaxxer.hikari.HikariDataSource       : HikariPool-5 - Start completed.
2022-08-29 23:15:16.088  INFO 199055 --- [restartedMain] o.s.b.a.h2.H2ConsoleAutoConfiguration    : H2 console available at '/h2-console'. Database available at 'jdbc:mysql://localhost:3306/ccf2_db'
2022-08-29 23:15:16.189  INFO 199055 --- [restartedMain] o.hibernate.jpa.internal.util.LogHelper  : HHH000204: Processing PersistenceUnitInfo [name: default]
2022-08-29 23:15:16.212  INFO 199055 --- [restartedMain] org.hibernate.dialect.Dialect            : HHH000400: Using dialect: org.hibernate.dialect.MySQL8Dialect
2022-08-29 23:15:16.443  INFO 199055 --- [restartedMain] o.h.e.t.j.p.i.JtaPlatformInitiator       : HHH000490: Using JtaPlatform implementation: [org.hibernate.engine.transaction.jta.platform.internal.NoJtaPlatform]
2022-08-29 23:15:16.445  INFO 199055 --- [restartedMain] j.LocalContainerEntityManagerFactoryBean : Initialized JPA EntityManagerFactory for persistence unit 'default'
2022-08-29 23:15:16.626  WARN 199055 --- [restartedMain] JpaBaseConfiguration$JpaWebConfiguration : spring.jpa.open-in-view is enabled by default. Therefore, database queries may be performed during view rendering. Explicitly configure spring.jpa.open-in-view to disable this warning
2022-08-29 23:15:16.750  INFO 199055 --- [restartedMain] o.s.aop.framework.CglibAopProxy          : Unable to proxy interface-implementing method [public final com.harshit.entity.User com.harshit.service.UserServiceImpl.getAuthenticatedUser()] because it is marked as final: Consider using interface-based JDK proxies instead!
2022-08-29 23:15:16.900  INFO 199055 --- [restartedMain] o.s.s.web.DefaultSecurityFilterChain     : Will secure any request with [org.springframework.security.web.context.request.async.WebAsyncManagerIntegrationFilter@229bdea8, org.springframework.security.web.context.SecurityContextPersistenceFilter@36a3bcdc, org.springframework.security.web.header.HeaderWriterFilter@6d2e2ed2, org.springframework.web.filter.CorsFilter@1d670785, org.springframework.security.web.authentication.logout.LogoutFilter@25cc9e9a, com.harshit.filter.JwtAuthorizationFilter@264d6a71, org.springframework.security.web.savedrequest.RequestCacheAwareFilter@bbba173, org.springframework.security.web.servletapi.SecurityContextHolderAwareRequestFilter@17ff4668, org.springframework.security.web.authentication.AnonymousAuthenticationFilter@4cb8e573, org.springframework.security.web.session.SessionManagementFilter@2a367e4f, org.springframework.security.web.access.ExceptionTranslationFilter@259306d5, org.springframework.security.web.access.intercept.FilterSecurityInterceptor@741a1e29]
2022-08-29 23:15:17.052  INFO 199055 --- [restartedMain] o.s.b.d.a.OptionalLiveReloadServer       : LiveReload server is running on port 35729
2022-08-29 23:15:17.072  INFO 199055 --- [restartedMain] o.s.b.w.embedded.tomcat.TomcatWebServer  : Tomcat started on port(s): 8080 (http) with context path ''
2022-08-29 23:15:17.078  INFO 199055 --- [restartedMain] com.harshit.CcfApplication               : Started CcfApplication in 2.823 seconds (JVM running for 1256.879)
2022-08-29 23:15:17.081  INFO 199055 --- [restartedMain] .ConditionEvaluationDeltaLoggingListener : Condition evaluation unchanged
2022-08-29 23:16:09.060  INFO 199055 --- [http-nio-8080-exec-1] o.a.c.c.C.[Tomcat].[localhost].[/]       : Initializing Spring DispatcherServlet 'dispatcherServlet'
2022-08-29 23:16:09.065  INFO 199055 --- [http-nio-8080-exec-1] o.s.web.servlet.DispatcherServlet        : Initializing Servlet 'dispatcherServlet'
2022-08-29 23:16:09.068  INFO 199055 --- [http-nio-8080-exec-1] o.s.web.servlet.DispatcherServlet        : Completed initialization in 2 ms
2022-08-29 23:16:09.426  WARN 199055 --- [http-nio-8080-exec-2] .m.m.a.ExceptionHandlerExceptionResolver : Resolved [com.harshit.exception.EmailExistsException]
2022-08-29 23:16:48.587  INFO 199055 --- [Thread-21] j.LocalContainerEntityManagerFactoryBean : Closing JPA EntityManagerFactory for persistence unit 'default'
2022-08-29 23:16:48.646  INFO 199055 --- [Thread-21] com.zaxxer.hikari.HikariDataSource       : HikariPool-5 - Shutdown initiated...
2022-08-29 23:16:48.662  INFO 199055 --- [Thread-21] com.zaxxer.hikari.HikariDataSource       : HikariPool-5 - Shutdown completed.
