2022-08-29 23:35:38.173  INFO 199055 --- [Thread-69] j.LocalContainerEntityManagerFactoryBean : Closing JPA EntityManagerFactory for persistence unit 'default'
2022-08-29 23:35:38.174  INFO 199055 --- [Thread-69] com.zaxxer.hikari.HikariDataSource       : HikariPool-17 - Shutdown initiated...
2022-08-29 23:35:38.179  INFO 199055 --- [Thread-69] com.zaxxer.hikari.HikariDataSource       : HikariPool-17 - Shutdown completed.
2022-08-29 23:35:38.482  INFO 199055 --- [restartedMain] com.harshit.CcfApplication               : Starting CcfApplication using Java 17.0.3 on hpnotebook with PID 199055 (/run/media/harshit/Volume P/ADP/Capstone/ccf/backend/target/classes started by harshit in /run/media/harshit/Volume P/ADP/Capstone/ccf/backend)
2022-08-29 23:35:38.482  INFO 199055 --- [restartedMain] com.harshit.CcfApplication               : No active profile set, falling back to 1 default profile: "default"
2022-08-29 23:35:39.068  INFO 199055 --- [restartedMain] .s.d.r.c.RepositoryConfigurationDelegate : Bootstrapping Spring Data JPA repositories in DEFAULT mode.
2022-08-29 23:35:39.219  INFO 199055 --- [restartedMain] .s.d.r.c.RepositoryConfigurationDelegate : Finished Spring Data repository scanning in 149 ms. Found 6 JPA repository interfaces.
2022-08-29 23:35:39.400  INFO 199055 --- [restartedMain] o.s.b.w.embedded.tomcat.TomcatWebServer  : Tomcat initialized with port(s): 8080 (http)
2022-08-29 23:35:39.402  INFO 199055 --- [restartedMain] o.apache.catalina.core.StandardService   : Starting service [Tomcat]
2022-08-29 23:35:39.404  INFO 199055 --- [restartedMain] org.apache.catalina.core.StandardEngine  : Starting Servlet engine: [Apache Tomcat/9.0.62]
2022-08-29 23:35:39.419  INFO 199055 --- [restartedMain] o.a.c.c.C.[Tomcat].[localhost].[/]       : Initializing Spring embedded WebApplicationContext
2022-08-29 23:35:39.419  INFO 199055 --- [restartedMain] w.s.c.ServletWebServerApplicationContext : Root WebApplicationContext: initialization completed in 932 ms
2022-08-29 23:35:39.437  INFO 199055 --- [restartedMain] com.zaxxer.hikari.HikariDataSource       : HikariPool-18 - Starting...
2022-08-29 23:35:39.443  INFO 199055 --- [restartedMain] com.zaxxer.hikari.HikariDataSource       : HikariPool-18 - Start completed.
2022-08-29 23:35:39.443  INFO 199055 --- [restartedMain] o.s.b.a.h2.H2ConsoleAutoConfiguration    : H2 console available at '/h2-console'. Database available at 'jdbc:mysql://localhost:3306/ccf2_db'
2022-08-29 23:35:39.531  INFO 199055 --- [restartedMain] o.hibernate.jpa.internal.util.LogHelper  : HHH000204: Processing PersistenceUnitInfo [name: default]
2022-08-29 23:35:39.553  INFO 199055 --- [restartedMain] org.hibernate.dialect.Dialect            : HHH000400: Using dialect: org.hibernate.dialect.MySQL8Dialect
2022-08-29 23:35:39.745  INFO 199055 --- [restartedMain] o.h.e.t.j.p.i.JtaPlatformInitiator       : HHH000490: Using JtaPlatform implementation: [org.hibernate.engine.transaction.jta.platform.internal.NoJtaPlatform]
2022-08-29 23:35:39.745  INFO 199055 --- [restartedMain] j.LocalContainerEntityManagerFactoryBean : Initialized JPA EntityManagerFactory for persistence unit 'default'
2022-08-29 23:35:39.908  WARN 199055 --- [restartedMain] JpaBaseConfiguration$JpaWebConfiguration : spring.jpa.open-in-view is enabled by default. Therefore, database queries may be performed during view rendering. Explicitly configure spring.jpa.open-in-view to disable this warning
2022-08-29 23:35:40.020  INFO 199055 --- [restartedMain] o.s.aop.framework.CglibAopProxy          : Unable to proxy interface-implementing method [public final com.harshit.entity.User com.harshit.service.UserServiceImpl.getAuthenticatedUser()] because it is marked as final: Consider using interface-based JDK proxies instead!
2022-08-29 23:35:40.186  INFO 199055 --- [restartedMain] o.s.s.web.DefaultSecurityFilterChain     : Will secure any request with [org.springframework.security.web.context.request.async.WebAsyncManagerIntegrationFilter@5e9b7f08, org.springframework.security.web.context.SecurityContextPersistenceFilter@15ba0a89, org.springframework.security.web.header.HeaderWriterFilter@2e8b1242, org.springframework.web.filter.CorsFilter@58ed6d41, org.springframework.security.web.authentication.logout.LogoutFilter@52b23f9b, com.harshit.filter.JwtAuthorizationFilter@61b8ce7b, org.springframework.security.web.savedrequest.RequestCacheAwareFilter@18814c1a, org.springframework.security.web.servletapi.SecurityContextHolderAwareRequestFilter@6e6e544a, org.springframework.security.web.authentication.AnonymousAuthenticationFilter@774eed38, org.springframework.security.web.session.SessionManagementFilter@133d5662, org.springframework.security.web.access.ExceptionTranslationFilter@2b24c256, org.springframework.security.web.access.intercept.FilterSecurityInterceptor@7fea81b]
2022-08-29 23:35:40.345  INFO 199055 --- [restartedMain] o.s.b.d.a.OptionalLiveReloadServer       : LiveReload server is running on port 35729
2022-08-29 23:35:40.362  INFO 199055 --- [restartedMain] o.s.b.w.embedded.tomcat.TomcatWebServer  : Tomcat started on port(s): 8080 (http) with context path ''
2022-08-29 23:35:40.367  INFO 199055 --- [restartedMain] com.harshit.CcfApplication               : Started CcfApplication in 2.069 seconds (JVM running for 2480.169)
2022-08-29 23:35:40.370  INFO 199055 --- [restartedMain] .ConditionEvaluationDeltaLoggingListener : Condition evaluation unchanged
2022-08-29 23:40:57.283  INFO 199055 --- [Thread-73] j.LocalContainerEntityManagerFactoryBean : Closing JPA EntityManagerFactory for persistence unit 'default'
2022-08-29 23:40:57.286  INFO 199055 --- [Thread-73] com.zaxxer.hikari.HikariDataSource       : HikariPool-18 - Shutdown initiated...
2022-08-29 23:40:57.289  INFO 199055 --- [Thread-73] com.zaxxer.hikari.HikariDataSource       : HikariPool-18 - Shutdown completed.
2022-08-29 23:40:57.584  INFO 199055 --- [restartedMain] com.harshit.CcfApplication               : Starting CcfApplication using Java 17.0.3 on hpnotebook with PID 199055 (/run/media/harshit/Volume P/ADP/Capstone/ccf/backend/target/classes started by harshit in /run/media/harshit/Volume P/ADP/Capstone/ccf/backend)
2022-08-29 23:40:57.584  INFO 199055 --- [restartedMain] com.harshit.CcfApplication               : No active profile set, falling back to 1 default profile: "default"
2022-08-29 23:40:58.133  INFO 199055 --- [restartedMain] .s.d.r.c.RepositoryConfigurationDelegate : Bootstrapping Spring Data JPA repositories in DEFAULT mode.
2022-08-29 23:40:58.378  INFO 199055 --- [restartedMain] .s.d.r.c.RepositoryConfigurationDelegate : Finished Spring Data repository scanning in 244 ms. Found 6 JPA repository interfaces.
2022-08-29 23:40:58.594  INFO 199055 --- [restartedMain] o.s.b.w.embedded.tomcat.TomcatWebServer  : Tomcat initialized with port(s): 8080 (http)
2022-08-29 23:40:58.598  INFO 199055 --- [restartedMain] o.apache.catalina.core.StandardService   : Starting service [Tomcat]
2022-08-29 23:40:58.604  INFO 199055 --- [restartedMain] org.apache.catalina.core.StandardEngine  : Starting Servlet engine: [Apache Tomcat/9.0.62]
2022-08-29 23:40:58.634  INFO 199055 --- [restartedMain] o.a.c.c.C.[Tomcat].[localhost].[/]       : Initializing Spring embedded WebApplicationContext
2022-08-29 23:40:58.639  INFO 199055 --- [restartedMain] w.s.c.ServletWebServerApplicationContext : Root WebApplicationContext: initialization completed in 1050 ms
2022-08-29 23:40:58.690  INFO 199055 --- [restartedMain] com.zaxxer.hikari.HikariDataSource       : HikariPool-19 - Starting...
2022-08-29 23:40:58.832  INFO 199055 --- [restartedMain] com.zaxxer.hikari.HikariDataSource       : HikariPool-19 - Start completed.
2022-08-29 23:40:58.833  INFO 199055 --- [restartedMain] o.s.b.a.h2.H2ConsoleAutoConfiguration    : H2 console available at '/h2-console'. Database available at 'jdbc:mysql://localhost:3306/ccf2_db'
2022-08-29 23:40:58.982  INFO 199055 --- [restartedMain] o.hibernate.jpa.internal.util.LogHelper  : HHH000204: Processing PersistenceUnitInfo [name: default]
2022-08-29 23:40:59.006  INFO 199055 --- [restartedMain] org.hibernate.dialect.Dialect            : HHH000400: Using dialect: org.hibernate.dialect.MySQL8Dialect
2022-08-29 23:40:59.226  INFO 199055 --- [restartedMain] o.h.e.t.j.p.i.JtaPlatformInitiator       : HHH000490: Using JtaPlatform implementation: [org.hibernate.engine.transaction.jta.platform.internal.NoJtaPlatform]
2022-08-29 23:40:59.227  INFO 199055 --- [restartedMain] j.LocalContainerEntityManagerFactoryBean : Initialized JPA EntityManagerFactory for persistence unit 'default'
2022-08-29 23:40:59.430  WARN 199055 --- [restartedMain] JpaBaseConfiguration$JpaWebConfiguration : spring.jpa.open-in-view is enabled by default. Therefore, database queries may be performed during view rendering. Explicitly configure spring.jpa.open-in-view to disable this warning
2022-08-29 23:40:59.539  INFO 199055 --- [restartedMain] o.s.aop.framework.CglibAopProxy          : Unable to proxy interface-implementing method [public final com.harshit.entity.User com.harshit.service.UserServiceImpl.getAuthenticatedUser()] because it is marked as final: Consider using interface-based JDK proxies instead!
2022-08-29 23:40:59.672  INFO 199055 --- [restartedMain] o.s.s.web.DefaultSecurityFilterChain     : Will secure any request with [org.springframework.security.web.context.request.async.WebAsyncManagerIntegrationFilter@a9ae2e2, org.springframework.security.web.context.SecurityContextPersistenceFilter@2f801b35, org.springframework.security.web.header.HeaderWriterFilter@3aa28315, org.springframework.web.filter.CorsFilter@399ea3c6, org.springframework.security.web.authentication.logout.LogoutFilter@429fbbaa, com.harshit.filter.JwtAuthorizationFilter@4f99036b, org.springframework.security.web.savedrequest.RequestCacheAwareFilter@29a0ec55, org.springframework.security.web.servletapi.SecurityContextHolderAwareRequestFilter@7b4785f, org.springframework.security.web.authentication.AnonymousAuthenticationFilter@579264be, org.springframework.security.web.session.SessionManagementFilter@38ea4bbb, org.springframework.security.web.access.ExceptionTranslationFilter@180e4d4, org.springframework.security.web.access.intercept.FilterSecurityInterceptor@67c3d3a]
2022-08-29 23:40:59.821  INFO 199055 --- [restartedMain] o.s.b.d.a.OptionalLiveReloadServer       : LiveReload server is running on port 35729
2022-08-29 23:40:59.844  INFO 199055 --- [restartedMain] o.s.b.w.embedded.tomcat.TomcatWebServer  : Tomcat started on port(s): 8080 (http) with context path ''
2022-08-29 23:40:59.850  INFO 199055 --- [restartedMain] com.harshit.CcfApplication               : Started CcfApplication in 2.444 seconds (JVM running for 2799.652)
2022-08-29 23:40:59.855  INFO 199055 --- [restartedMain] .ConditionEvaluationDeltaLoggingListener : Condition evaluation unchanged
2022-08-29 23:41:03.805  INFO 199055 --- [Thread-77] j.LocalContainerEntityManagerFactoryBean : Closing JPA EntityManagerFactory for persistence unit 'default'
2022-08-29 23:41:03.806  INFO 199055 --- [Thread-77] com.zaxxer.hikari.HikariDataSource       : HikariPool-19 - Shutdown initiated...
2022-08-29 23:41:03.811  INFO 199055 --- [Thread-77] com.zaxxer.hikari.HikariDataSource       : HikariPool-19 - Shutdown completed.
2022-08-29 23:41:04.163  INFO 199055 --- [restartedMain] com.harshit.CcfApplication               : Starting CcfApplication using Java 17.0.3 on hpnotebook with PID 199055 (/run/media/harshit/Volume P/ADP/Capstone/ccf/backend/target/classes started by harshit in /run/media/harshit/Volume P/ADP/Capstone/ccf/backend)
2022-08-29 23:41:04.164  INFO 199055 --- [restartedMain] com.harshit.CcfApplication               : No active profile set, falling back to 1 default profile: "default"
2022-08-29 23:41:04.872  INFO 199055 --- [restartedMain] .s.d.r.c.RepositoryConfigurationDelegate : Bootstrapping Spring Data JPA repositories in DEFAULT mode.
2022-08-29 23:41:05.050  INFO 199055 --- [restartedMain] .s.d.r.c.RepositoryConfigurationDelegate : Finished Spring Data repository scanning in 177 ms. Found 6 JPA repository interfaces.
2022-08-29 23:41:05.180  INFO 199055 --- [restartedMain] o.s.b.w.embedded.tomcat.TomcatWebServer  : Tomcat initialized with port(s): 8080 (http)
2022-08-29 23:41:05.182  INFO 199055 --- [restartedMain] o.apache.catalina.core.StandardService   : Starting service [Tomcat]
2022-08-29 23:41:05.183  INFO 199055 --- [restartedMain] org.apache.catalina.core.StandardEngine  : Starting Servlet engine: [Apache Tomcat/9.0.62]
2022-08-29 23:41:05.197  INFO 199055 --- [restartedMain] o.a.c.c.C.[Tomcat].[localhost].[/]       : Initializing Spring embedded WebApplicationContext
2022-08-29 23:41:05.198  INFO 199055 --- [restartedMain] w.s.c.ServletWebServerApplicationContext : Root WebApplicationContext: initialization completed in 1029 ms
2022-08-29 23:41:05.221  INFO 199055 --- [restartedMain] com.zaxxer.hikari.HikariDataSource       : HikariPool-20 - Starting...
2022-08-29 23:41:05.224  INFO 199055 --- [restartedMain] com.zaxxer.hikari.HikariDataSource       : HikariPool-20 - Start completed.
2022-08-29 23:41:05.226  INFO 199055 --- [restartedMain] o.s.b.a.h2.H2ConsoleAutoConfiguration    : H2 console available at '/h2-console'. Database available at 'jdbc:mysql://localhost:3306/ccf2_db'
2022-08-29 23:41:05.310  INFO 199055 --- [restartedMain] o.hibernate.jpa.internal.util.LogHelper  : HHH000204: Processing PersistenceUnitInfo [name: default]
2022-08-29 23:41:05.325  INFO 199055 --- [restartedMain] org.hibernate.dialect.Dialect            : HHH000400: Using dialect: org.hibernate.dialect.MySQL8Dialect
2022-08-29 23:41:05.667  INFO 199055 --- [restartedMain] o.h.e.t.j.p.i.JtaPlatformInitiator       : HHH000490: Using JtaPlatform implementation: [org.hibernate.engine.transaction.jta.platform.internal.NoJtaPlatform]
2022-08-29 23:41:05.668  INFO 199055 --- [restartedMain] j.LocalContainerEntityManagerFactoryBean : Initialized JPA EntityManagerFactory for persistence unit 'default'
2022-08-29 23:41:05.874  WARN 199055 --- [restartedMain] JpaBaseConfiguration$JpaWebConfiguration : spring.jpa.open-in-view is enabled by default. Therefore, database queries may be performed during view rendering. Explicitly configure spring.jpa.open-in-view to disable this warning
2022-08-29 23:41:06.002  INFO 199055 --- [restartedMain] o.s.aop.framework.CglibAopProxy          : Unable to proxy interface-implementing method [public final com.harshit.entity.User com.harshit.service.UserServiceImpl.getAuthenticatedUser()] because it is marked as final: Consider using interface-based JDK proxies instead!
2022-08-29 23:41:06.180  INFO 199055 --- [restartedMain] o.s.s.web.DefaultSecurityFilterChain     : Will secure any request with [org.springframework.security.web.context.request.async.WebAsyncManagerIntegrationFilter@3affd041, org.springframework.security.web.context.SecurityContextPersistenceFilter@36ff5479, org.springframework.security.web.header.HeaderWriterFilter@60692dad, org.springframework.web.filter.CorsFilter@14d8974f, org.springframework.security.web.authentication.logout.LogoutFilter@3036fcc0, com.harshit.filter.JwtAuthorizationFilter@26c80c73, org.springframework.security.web.savedrequest.RequestCacheAwareFilter@186a89f5, org.springframework.security.web.servletapi.SecurityContextHolderAwareRequestFilter@3147cb10, org.springframework.security.web.authentication.AnonymousAuthenticationFilter@7906e25, org.springframework.security.web.session.SessionManagementFilter@397e8a4b, org.springframework.security.web.access.ExceptionTranslationFilter@597ee8a3, org.springframework.security.web.access.intercept.FilterSecurityInterceptor@6bb350e9]
2022-08-29 23:41:06.375  INFO 199055 --- [restartedMain] o.s.b.d.a.OptionalLiveReloadServer       : LiveReload server is running on port 35729
2022-08-29 23:41:06.407  INFO 199055 --- [restartedMain] o.s.b.w.embedded.tomcat.TomcatWebServer  : Tomcat started on port(s): 8080 (http) with context path ''
2022-08-29 23:41:06.414  INFO 199055 --- [restartedMain] com.harshit.CcfApplication               : Started CcfApplication in 2.477 seconds (JVM running for 2806.215)
2022-08-29 23:41:06.416  INFO 199055 --- [restartedMain] .ConditionEvaluationDeltaLoggingListener : Condition evaluation unchanged
2022-08-29 23:41:08.218  INFO 199055 --- [Thread-81] j.LocalContainerEntityManagerFactoryBean : Closing JPA EntityManagerFactory for persistence unit 'default'
2022-08-29 23:41:08.220  INFO 199055 --- [Thread-81] com.zaxxer.hikari.HikariDataSource       : HikariPool-20 - Shutdown initiated...
2022-08-29 23:41:08.223  INFO 199055 --- [Thread-81] com.zaxxer.hikari.HikariDataSource       : HikariPool-20 - Shutdown completed.
2022-08-29 23:41:08.408  INFO 199055 --- [restartedMain] com.harshit.CcfApplication               : Starting CcfApplication using Java 17.0.3 on hpnotebook with PID 199055 (/run/media/harshit/Volume P/ADP/Capstone/ccf/backend/target/classes started by harshit in /run/media/harshit/Volume P/ADP/Capstone/ccf/backend)
2022-08-29 23:41:08.408  INFO 199055 --- [restartedMain] com.harshit.CcfApplication               : No active profile set, falling back to 1 default profile: "default"
2022-08-29 23:41:08.980  INFO 199055 --- [restartedMain] .s.d.r.c.RepositoryConfigurationDelegate : Bootstrapping Spring Data JPA repositories in DEFAULT mode.
2022-08-29 23:41:09.126  INFO 199055 --- [restartedMain] .s.d.r.c.RepositoryConfigurationDelegate : Finished Spring Data repository scanning in 143 ms. Found 6 JPA repository interfaces.
2022-08-29 23:41:09.274  INFO 199055 --- [restartedMain] o.s.b.w.embedded.tomcat.TomcatWebServer  : Tomcat initialized with port(s): 8080 (http)
2022-08-29 23:41:09.276  INFO 199055 --- [restartedMain] o.apache.catalina.core.StandardService   : Starting service [Tomcat]
2022-08-29 23:41:09.277  INFO 199055 --- [restartedMain] org.apache.catalina.core.StandardEngine  : Starting Servlet engine: [Apache Tomcat/9.0.62]
2022-08-29 23:41:09.292  INFO 199055 --- [restartedMain] o.a.c.c.C.[Tomcat].[localhost].[/]       : Initializing Spring embedded WebApplicationContext
2022-08-29 23:41:09.292  INFO 199055 --- [restartedMain] w.s.c.ServletWebServerApplicationContext : Root WebApplicationContext: initialization completed in 879 ms
2022-08-29 23:41:09.309  INFO 199055 --- [restartedMain] com.zaxxer.hikari.HikariDataSource       : HikariPool-21 - Starting...
2022-08-29 23:41:09.314  INFO 199055 --- [restartedMain] com.zaxxer.hikari.HikariDataSource       : HikariPool-21 - Start completed.
2022-08-29 23:41:09.315  INFO 199055 --- [restartedMain] o.s.b.a.h2.H2ConsoleAutoConfiguration    : H2 console available at '/h2-console'. Database available at 'jdbc:mysql://localhost:3306/ccf2_db'
2022-08-29 23:41:09.422  INFO 199055 --- [restartedMain] o.hibernate.jpa.internal.util.LogHelper  : HHH000204: Processing PersistenceUnitInfo [name: default]
2022-08-29 23:41:09.448  INFO 199055 --- [restartedMain] org.hibernate.dialect.Dialect            : HHH000400: Using dialect: org.hibernate.dialect.MySQL8Dialect
2022-08-29 23:41:09.857  INFO 199055 --- [restartedMain] o.h.e.t.j.p.i.JtaPlatformInitiator       : HHH000490: Using JtaPlatform implementation: [org.hibernate.engine.transaction.jta.platform.internal.NoJtaPlatform]
2022-08-29 23:41:09.858  INFO 199055 --- [restartedMain] j.LocalContainerEntityManagerFactoryBean : Initialized JPA EntityManagerFactory for persistence unit 'default'
2022-08-29 23:41:10.083  WARN 199055 --- [restartedMain] JpaBaseConfiguration$JpaWebConfiguration : spring.jpa.open-in-view is enabled by default. Therefore, database queries may be performed during view rendering. Explicitly configure spring.jpa.open-in-view to disable this warning
2022-08-29 23:41:10.218  INFO 199055 --- [restartedMain] o.s.aop.framework.CglibAopProxy          : Unable to proxy interface-implementing method [public final com.harshit.entity.User com.harshit.service.UserServiceImpl.getAuthenticatedUser()] because it is marked as final: Consider using interface-based JDK proxies instead!
2022-08-29 23:41:10.323  INFO 199055 --- [restartedMain] o.s.s.web.DefaultSecurityFilterChain     : Will secure any request with [org.springframework.security.web.context.request.async.WebAsyncManagerIntegrationFilter@28d1a7c8, org.springframework.security.web.context.SecurityContextPersistenceFilter@3b447a52, org.springframework.security.web.header.HeaderWriterFilter@40b60549, org.springframework.web.filter.CorsFilter@4110c3e2, org.springframework.security.web.authentication.logout.LogoutFilter@3c03bfc1, com.harshit.filter.JwtAuthorizationFilter@f71cfc3, org.springframework.security.web.savedrequest.RequestCacheAwareFilter@47142ff2, org.springframework.security.web.servletapi.SecurityContextHolderAwareRequestFilter@37f8e614, org.springframework.security.web.authentication.AnonymousAuthenticationFilter@2a7e4b88, org.springframework.security.web.session.SessionManagementFilter@71ec5142, org.springframework.security.web.access.ExceptionTranslationFilter@16dd4e36, org.springframework.security.web.access.intercept.FilterSecurityInterceptor@488cb791]
2022-08-29 23:41:10.482  INFO 199055 --- [restartedMain] o.s.b.d.a.OptionalLiveReloadServer       : LiveReload server is running on port 35729
2022-08-29 23:41:10.502  INFO 199055 --- [restartedMain] o.s.b.w.embedded.tomcat.TomcatWebServer  : Tomcat started on port(s): 8080 (http) with context path ''
2022-08-29 23:41:10.509  INFO 199055 --- [restartedMain] com.harshit.CcfApplication               : Started CcfApplication in 2.161 seconds (JVM running for 2810.31)
2022-08-29 23:41:10.512  INFO 199055 --- [restartedMain] .ConditionEvaluationDeltaLoggingListener : Condition evaluation unchanged
2022-08-29 23:41:23.093  INFO 199055 --- [Thread-85] j.LocalContainerEntityManagerFactoryBean : Closing JPA EntityManagerFactory for persistence unit 'default'
2022-08-29 23:41:23.095  INFO 199055 --- [Thread-85] com.zaxxer.hikari.HikariDataSource       : HikariPool-21 - Shutdown initiated...
2022-08-29 23:41:23.099  INFO 199055 --- [Thread-85] com.zaxxer.hikari.HikariDataSource       : HikariPool-21 - Shutdown completed.
